<?xml version="1.0" encoding="UTF-8"?>
<testsuite xmlns:xsi="http://www.w3.org/2001/XMLSchema-instance" xsi:noNamespaceSchemaLocation="https://maven.apache.org/surefire/maven-surefire-plugin/xsd/surefire-test-report-3.0.xsd" version="3.0" name="com.dockerauto.DockerautoApplicationTests" time="7.563" tests="1" errors="0" skipped="0" failures="0">
  <properties>
    <property name="java.specification.version" value="17"/>
    <property name="sun.cpu.isalist" value="amd64"/>
    <property name="sun.jnu.encoding" value="Cp1252"/>
    <property name="java.class.path" value="C:\Users\hp\Documents\workspace-spring-tool-suite-4-4.21.0.RELEASE\dockerauto\target\test-classes;C:\Users\hp\Documents\workspace-spring-tool-suite-4-4.21.0.RELEASE\dockerauto\target\classes;C:\Users\hp\.m2\repository\org\springframework\boot\spring-boot-starter-web\3.1.10-SNAPSHOT\spring-boot-starter-web-3.1.10-SNAPSHOT.jar;C:\Users\hp\.m2\repository\org\springframework\boot\spring-boot-starter\3.1.10-SNAPSHOT\spring-boot-starter-3.1.10-SNAPSHOT.jar;C:\Users\hp\.m2\repository\org\springframework\boot\spring-boot-starter-logging\3.1.10-SNAPSHOT\spring-boot-starter-logging-3.1.10-SNAPSHOT.jar;C:\Users\hp\.m2\repository\ch\qos\logback\logback-classic\1.4.14\logback-classic-1.4.14.jar;C:\Users\hp\.m2\repository\ch\qos\logback\logback-core\1.4.14\logback-core-1.4.14.jar;C:\Users\hp\.m2\repository\org\apache\logging\log4j\log4j-to-slf4j\2.20.0\log4j-to-slf4j-2.20.0.jar;C:\Users\hp\.m2\repository\org\apache\logging\log4j\log4j-api\2.20.0\log4j-api-2.20.0.jar;C:\Users\hp\.m2\repository\org\slf4j\jul-to-slf4j\2.0.12\jul-to-slf4j-2.0.12.jar;C:\Users\hp\.m2\repository\jakarta\annotation\jakarta.annotation-api\2.1.1\jakarta.annotation-api-2.1.1.jar;C:\Users\hp\.m2\repository\org\yaml\snakeyaml\1.33\snakeyaml-1.33.jar;C:\Users\hp\.m2\repository\org\springframework\boot\spring-boot-starter-json\3.1.10-SNAPSHOT\spring-boot-starter-json-3.1.10-SNAPSHOT.jar;C:\Users\hp\.m2\repository\com\fasterxml\jackson\core\jackson-databind\2.15.4\jackson-databind-2.15.4.jar;C:\Users\hp\.m2\repository\com\fasterxml\jackson\core\jackson-annotations\2.15.4\jackson-annotations-2.15.4.jar;C:\Users\hp\.m2\repository\com\fasterxml\jackson\core\jackson-core\2.15.4\jackson-core-2.15.4.jar;C:\Users\hp\.m2\repository\com\fasterxml\jackson\datatype\jackson-datatype-jdk8\2.15.4\jackson-datatype-jdk8-2.15.4.jar;C:\Users\hp\.m2\repository\com\fasterxml\jackson\datatype\jackson-datatype-jsr310\2.15.4\jackson-datatype-jsr310-2.15.4.jar;C:\Users\hp\.m2\repository\com\fasterxml\jackson\module\jackson-module-parameter-names\2.15.4\jackson-module-parameter-names-2.15.4.jar;C:\Users\hp\.m2\repository\org\springframework\boot\spring-boot-starter-tomcat\3.1.10-SNAPSHOT\spring-boot-starter-tomcat-3.1.10-SNAPSHOT.jar;C:\Users\hp\.m2\repository\org\apache\tomcat\embed\tomcat-embed-core\10.1.19\tomcat-embed-core-10.1.19.jar;C:\Users\hp\.m2\repository\org\apache\tomcat\embed\tomcat-embed-el\10.1.19\tomcat-embed-el-10.1.19.jar;C:\Users\hp\.m2\repository\org\apache\tomcat\embed\tomcat-embed-websocket\10.1.19\tomcat-embed-websocket-10.1.19.jar;C:\Users\hp\.m2\repository\org\springframework\spring-web\6.0.18-SNAPSHOT\spring-web-6.0.18-SNAPSHOT.jar;C:\Users\hp\.m2\repository\org\springframework\spring-beans\6.0.18-SNAPSHOT\spring-beans-6.0.18-SNAPSHOT.jar;C:\Users\hp\.m2\repository\io\micrometer\micrometer-observation\1.11.10\micrometer-observation-1.11.10.jar;C:\Users\hp\.m2\repository\io\micrometer\micrometer-commons\1.11.10\micrometer-commons-1.11.10.jar;C:\Users\hp\.m2\repository\org\springframework\spring-webmvc\6.0.18-SNAPSHOT\spring-webmvc-6.0.18-SNAPSHOT.jar;C:\Users\hp\.m2\repository\org\springframework\spring-aop\6.0.18-SNAPSHOT\spring-aop-6.0.18-SNAPSHOT.jar;C:\Users\hp\.m2\repository\org\springframework\spring-context\6.0.18-SNAPSHOT\spring-context-6.0.18-SNAPSHOT.jar;C:\Users\hp\.m2\repository\org\springframework\spring-expression\6.0.18-SNAPSHOT\spring-expression-6.0.18-SNAPSHOT.jar;C:\Users\hp\.m2\repository\org\springframework\boot\spring-boot-devtools\3.1.10-SNAPSHOT\spring-boot-devtools-3.1.10-SNAPSHOT.jar;C:\Users\hp\.m2\repository\org\springframework\boot\spring-boot\3.1.10-SNAPSHOT\spring-boot-3.1.10-SNAPSHOT.jar;C:\Users\hp\.m2\repository\org\springframework\boot\spring-boot-autoconfigure\3.1.10-SNAPSHOT\spring-boot-autoconfigure-3.1.10-SNAPSHOT.jar;C:\Users\hp\.m2\repository\org\springframework\boot\spring-boot-starter-test\3.1.10-SNAPSHOT\spring-boot-starter-test-3.1.10-SNAPSHOT.jar;C:\Users\hp\.m2\repository\org\springframework\boot\spring-boot-test\3.1.10-SNAPSHOT\spring-boot-test-3.1.10-SNAPSHOT.jar;C:\Users\hp\.m2\repository\org\springframework\boot\spring-boot-test-autoconfigure\3.1.10-SNAPSHOT\spring-boot-test-autoconfigure-3.1.10-SNAPSHOT.jar;C:\Users\hp\.m2\repository\com\jayway\jsonpath\json-path\2.9.0\json-path-2.9.0.jar;C:\Users\hp\.m2\repository\org\slf4j\slf4j-api\2.0.12\slf4j-api-2.0.12.jar;C:\Users\hp\.m2\repository\jakarta\xml\bind\jakarta.xml.bind-api\4.0.1\jakarta.xml.bind-api-4.0.1.jar;C:\Users\hp\.m2\repository\jakarta\activation\jakarta.activation-api\2.1.2\jakarta.activation-api-2.1.2.jar;C:\Users\hp\.m2\repository\net\minidev\json-smart\2.4.11\json-smart-2.4.11.jar;C:\Users\hp\.m2\repository\net\minidev\accessors-smart\2.4.11\accessors-smart-2.4.11.jar;C:\Users\hp\.m2\repository\org\ow2\asm\asm\9.3\asm-9.3.jar;C:\Users\hp\.m2\repository\org\assertj\assertj-core\3.24.2\assertj-core-3.24.2.jar;C:\Users\hp\.m2\repository\net\bytebuddy\byte-buddy\1.14.12\byte-buddy-1.14.12.jar;C:\Users\hp\.m2\repository\org\hamcrest\hamcrest\2.2\hamcrest-2.2.jar;C:\Users\hp\.m2\repository\org\junit\jupiter\junit-jupiter\5.9.3\junit-jupiter-5.9.3.jar;C:\Users\hp\.m2\repository\org\junit\jupiter\junit-jupiter-api\5.9.3\junit-jupiter-api-5.9.3.jar;C:\Users\hp\.m2\repository\org\opentest4j\opentest4j\1.2.0\opentest4j-1.2.0.jar;C:\Users\hp\.m2\repository\org\junit\platform\junit-platform-commons\1.9.3\junit-platform-commons-1.9.3.jar;C:\Users\hp\.m2\repository\org\apiguardian\apiguardian-api\1.1.2\apiguardian-api-1.1.2.jar;C:\Users\hp\.m2\repository\org\junit\jupiter\junit-jupiter-params\5.9.3\junit-jupiter-params-5.9.3.jar;C:\Users\hp\.m2\repository\org\junit\jupiter\junit-jupiter-engine\5.9.3\junit-jupiter-engine-5.9.3.jar;C:\Users\hp\.m2\repository\org\junit\platform\junit-platform-engine\1.9.3\junit-platform-engine-1.9.3.jar;C:\Users\hp\.m2\repository\org\mockito\mockito-core\5.3.1\mockito-core-5.3.1.jar;C:\Users\hp\.m2\repository\net\bytebuddy\byte-buddy-agent\1.14.12\byte-buddy-agent-1.14.12.jar;C:\Users\hp\.m2\repository\org\objenesis\objenesis\3.3\objenesis-3.3.jar;C:\Users\hp\.m2\repository\org\mockito\mockito-junit-jupiter\5.3.1\mockito-junit-jupiter-5.3.1.jar;C:\Users\hp\.m2\repository\org\skyscreamer\jsonassert\1.5.1\jsonassert-1.5.1.jar;C:\Users\hp\.m2\repository\com\vaadin\external\google\android-json\0.0.20131108.vaadin1\android-json-0.0.20131108.vaadin1.jar;C:\Users\hp\.m2\repository\org\springframework\spring-core\6.0.18-SNAPSHOT\spring-core-6.0.18-SNAPSHOT.jar;C:\Users\hp\.m2\repository\org\springframework\spring-jcl\6.0.18-SNAPSHOT\spring-jcl-6.0.18-SNAPSHOT.jar;C:\Users\hp\.m2\repository\org\springframework\spring-test\6.0.18-SNAPSHOT\spring-test-6.0.18-SNAPSHOT.jar;C:\Users\hp\.m2\repository\org\xmlunit\xmlunit-core\2.9.1\xmlunit-core-2.9.1.jar;"/>
    <property name="java.vm.vendor" value="Eclipse Adoptium"/>
    <property name="sun.arch.data.model" value="64"/>
    <property name="user.variant" value=""/>
    <property name="java.vendor.url" value="https://adoptium.net/"/>
    <property name="user.timezone" value="Asia/Calcutta"/>
    <property name="os.name" value="Windows 10"/>
    <property name="java.vm.specification.version" value="17"/>
    <property name="sun.java.launcher" value="SUN_STANDARD"/>
    <property name="user.country" value="IN"/>
    <property name="sun.boot.library.path" value="C:\Users\hp\Downloads\spring-tool-suite-4-4.21.0.RELEASE-e4.30.0-win32.win32.x86_64.self-extracting (1)\contents\sts-4.21.0.RELEASE\plugins\org.eclipse.justj.openjdk.hotspot.jre.full.win32.x86_64_17.0.9.v20231028-0858\jre\bin"/>
    <property name="sun.java.command" value="C:\Users\hp\AppData\Local\Temp\surefire6345002738557333238\surefirebooter-20240315150934767_3.jar C:\Users\hp\AppData\Local\Temp\surefire6345002738557333238 2024-03-15T15-09-29_853-jvmRun1 surefire-20240315150934767_1tmp surefire_0-20240315150934767_2tmp"/>
    <property name="jdk.debug" value="release"/>
    <property name="surefire.test.class.path" value="C:\Users\hp\Documents\workspace-spring-tool-suite-4-4.21.0.RELEASE\dockerauto\target\test-classes;C:\Users\hp\Documents\workspace-spring-tool-suite-4-4.21.0.RELEASE\dockerauto\target\classes;C:\Users\hp\.m2\repository\org\springframework\boot\spring-boot-starter-web\3.1.10-SNAPSHOT\spring-boot-starter-web-3.1.10-SNAPSHOT.jar;C:\Users\hp\.m2\repository\org\springframework\boot\spring-boot-starter\3.1.10-SNAPSHOT\spring-boot-starter-3.1.10-SNAPSHOT.jar;C:\Users\hp\.m2\repository\org\springframework\boot\spring-boot-starter-logging\3.1.10-SNAPSHOT\spring-boot-starter-logging-3.1.10-SNAPSHOT.jar;C:\Users\hp\.m2\repository\ch\qos\logback\logback-classic\1.4.14\logback-classic-1.4.14.jar;C:\Users\hp\.m2\repository\ch\qos\logback\logback-core\1.4.14\logback-core-1.4.14.jar;C:\Users\hp\.m2\repository\org\apache\logging\log4j\log4j-to-slf4j\2.20.0\log4j-to-slf4j-2.20.0.jar;C:\Users\hp\.m2\repository\org\apache\logging\log4j\log4j-api\2.20.0\log4j-api-2.20.0.jar;C:\Users\hp\.m2\repository\org\slf4j\jul-to-slf4j\2.0.12\jul-to-slf4j-2.0.12.jar;C:\Users\hp\.m2\repository\jakarta\annotation\jakarta.annotation-api\2.1.1\jakarta.annotation-api-2.1.1.jar;C:\Users\hp\.m2\repository\org\yaml\snakeyaml\1.33\snakeyaml-1.33.jar;C:\Users\hp\.m2\repository\org\springframework\boot\spring-boot-starter-json\3.1.10-SNAPSHOT\spring-boot-starter-json-3.1.10-SNAPSHOT.jar;C:\Users\hp\.m2\repository\com\fasterxml\jackson\core\jackson-databind\2.15.4\jackson-databind-2.15.4.jar;C:\Users\hp\.m2\repository\com\fasterxml\jackson\core\jackson-annotations\2.15.4\jackson-annotations-2.15.4.jar;C:\Users\hp\.m2\repository\com\fasterxml\jackson\core\jackson-core\2.15.4\jackson-core-2.15.4.jar;C:\Users\hp\.m2\repository\com\fasterxml\jackson\datatype\jackson-datatype-jdk8\2.15.4\jackson-datatype-jdk8-2.15.4.jar;C:\Users\hp\.m2\repository\com\fasterxml\jackson\datatype\jackson-datatype-jsr310\2.15.4\jackson-datatype-jsr310-2.15.4.jar;C:\Users\hp\.m2\repository\com\fasterxml\jackson\module\jackson-module-parameter-names\2.15.4\jackson-module-parameter-names-2.15.4.jar;C:\Users\hp\.m2\repository\org\springframework\boot\spring-boot-starter-tomcat\3.1.10-SNAPSHOT\spring-boot-starter-tomcat-3.1.10-SNAPSHOT.jar;C:\Users\hp\.m2\repository\org\apache\tomcat\embed\tomcat-embed-core\10.1.19\tomcat-embed-core-10.1.19.jar;C:\Users\hp\.m2\repository\org\apache\tomcat\embed\tomcat-embed-el\10.1.19\tomcat-embed-el-10.1.19.jar;C:\Users\hp\.m2\repository\org\apache\tomcat\embed\tomcat-embed-websocket\10.1.19\tomcat-embed-websocket-10.1.19.jar;C:\Users\hp\.m2\repository\org\springframework\spring-web\6.0.18-SNAPSHOT\spring-web-6.0.18-SNAPSHOT.jar;C:\Users\hp\.m2\repository\org\springframework\spring-beans\6.0.18-SNAPSHOT\spring-beans-6.0.18-SNAPSHOT.jar;C:\Users\hp\.m2\repository\io\micrometer\micrometer-observation\1.11.10\micrometer-observation-1.11.10.jar;C:\Users\hp\.m2\repository\io\micrometer\micrometer-commons\1.11.10\micrometer-commons-1.11.10.jar;C:\Users\hp\.m2\repository\org\springframework\spring-webmvc\6.0.18-SNAPSHOT\spring-webmvc-6.0.18-SNAPSHOT.jar;C:\Users\hp\.m2\repository\org\springframework\spring-aop\6.0.18-SNAPSHOT\spring-aop-6.0.18-SNAPSHOT.jar;C:\Users\hp\.m2\repository\org\springframework\spring-context\6.0.18-SNAPSHOT\spring-context-6.0.18-SNAPSHOT.jar;C:\Users\hp\.m2\repository\org\springframework\spring-expression\6.0.18-SNAPSHOT\spring-expression-6.0.18-SNAPSHOT.jar;C:\Users\hp\.m2\repository\org\springframework\boot\spring-boot-devtools\3.1.10-SNAPSHOT\spring-boot-devtools-3.1.10-SNAPSHOT.jar;C:\Users\hp\.m2\repository\org\springframework\boot\spring-boot\3.1.10-SNAPSHOT\spring-boot-3.1.10-SNAPSHOT.jar;C:\Users\hp\.m2\repository\org\springframework\boot\spring-boot-autoconfigure\3.1.10-SNAPSHOT\spring-boot-autoconfigure-3.1.10-SNAPSHOT.jar;C:\Users\hp\.m2\repository\org\springframework\boot\spring-boot-starter-test\3.1.10-SNAPSHOT\spring-boot-starter-test-3.1.10-SNAPSHOT.jar;C:\Users\hp\.m2\repository\org\springframework\boot\spring-boot-test\3.1.10-SNAPSHOT\spring-boot-test-3.1.10-SNAPSHOT.jar;C:\Users\hp\.m2\repository\org\springframework\boot\spring-boot-test-autoconfigure\3.1.10-SNAPSHOT\spring-boot-test-autoconfigure-3.1.10-SNAPSHOT.jar;C:\Users\hp\.m2\repository\com\jayway\jsonpath\json-path\2.9.0\json-path-2.9.0.jar;C:\Users\hp\.m2\repository\org\slf4j\slf4j-api\2.0.12\slf4j-api-2.0.12.jar;C:\Users\hp\.m2\repository\jakarta\xml\bind\jakarta.xml.bind-api\4.0.1\jakarta.xml.bind-api-4.0.1.jar;C:\Users\hp\.m2\repository\jakarta\activation\jakarta.activation-api\2.1.2\jakarta.activation-api-2.1.2.jar;C:\Users\hp\.m2\repository\net\minidev\json-smart\2.4.11\json-smart-2.4.11.jar;C:\Users\hp\.m2\repository\net\minidev\accessors-smart\2.4.11\accessors-smart-2.4.11.jar;C:\Users\hp\.m2\repository\org\ow2\asm\asm\9.3\asm-9.3.jar;C:\Users\hp\.m2\repository\org\assertj\assertj-core\3.24.2\assertj-core-3.24.2.jar;C:\Users\hp\.m2\repository\net\bytebuddy\byte-buddy\1.14.12\byte-buddy-1.14.12.jar;C:\Users\hp\.m2\repository\org\hamcrest\hamcrest\2.2\hamcrest-2.2.jar;C:\Users\hp\.m2\repository\org\junit\jupiter\junit-jupiter\5.9.3\junit-jupiter-5.9.3.jar;C:\Users\hp\.m2\repository\org\junit\jupiter\junit-jupiter-api\5.9.3\junit-jupiter-api-5.9.3.jar;C:\Users\hp\.m2\repository\org\opentest4j\opentest4j\1.2.0\opentest4j-1.2.0.jar;C:\Users\hp\.m2\repository\org\junit\platform\junit-platform-commons\1.9.3\junit-platform-commons-1.9.3.jar;C:\Users\hp\.m2\repository\org\apiguardian\apiguardian-api\1.1.2\apiguardian-api-1.1.2.jar;C:\Users\hp\.m2\repository\org\junit\jupiter\junit-jupiter-params\5.9.3\junit-jupiter-params-5.9.3.jar;C:\Users\hp\.m2\repository\org\junit\jupiter\junit-jupiter-engine\5.9.3\junit-jupiter-engine-5.9.3.jar;C:\Users\hp\.m2\repository\org\junit\platform\junit-platform-engine\1.9.3\junit-platform-engine-1.9.3.jar;C:\Users\hp\.m2\repository\org\mockito\mockito-core\5.3.1\mockito-core-5.3.1.jar;C:\Users\hp\.m2\repository\net\bytebuddy\byte-buddy-agent\1.14.12\byte-buddy-agent-1.14.12.jar;C:\Users\hp\.m2\repository\org\objenesis\objenesis\3.3\objenesis-3.3.jar;C:\Users\hp\.m2\repository\org\mockito\mockito-junit-jupiter\5.3.1\mockito-junit-jupiter-5.3.1.jar;C:\Users\hp\.m2\repository\org\skyscreamer\jsonassert\1.5.1\jsonassert-1.5.1.jar;C:\Users\hp\.m2\repository\com\vaadin\external\google\android-json\0.0.20131108.vaadin1\android-json-0.0.20131108.vaadin1.jar;C:\Users\hp\.m2\repository\org\springframework\spring-core\6.0.18-SNAPSHOT\spring-core-6.0.18-SNAPSHOT.jar;C:\Users\hp\.m2\repository\org\springframework\spring-jcl\6.0.18-SNAPSHOT\spring-jcl-6.0.18-SNAPSHOT.jar;C:\Users\hp\.m2\repository\org\springframework\spring-test\6.0.18-SNAPSHOT\spring-test-6.0.18-SNAPSHOT.jar;C:\Users\hp\.m2\repository\org\xmlunit\xmlunit-core\2.9.1\xmlunit-core-2.9.1.jar;"/>
    <property name="sun.cpu.endian" value="little"/>
    <property name="user.home" value="C:\Users\hp"/>
    <property name="user.language" value="en"/>
    <property name="java.specification.vendor" value="Oracle Corporation"/>
    <property name="java.version.date" value="2023-10-17"/>
    <property name="java.home" value="C:\Users\hp\Downloads\spring-tool-suite-4-4.21.0.RELEASE-e4.30.0-win32.win32.x86_64.self-extracting (1)\contents\sts-4.21.0.RELEASE\plugins\org.eclipse.justj.openjdk.hotspot.jre.full.win32.x86_64_17.0.9.v20231028-0858\jre"/>
    <property name="file.separator" value="\"/>
    <property name="style.color" value="always"/>
    <property name="basedir" value="C:\Users\hp\Documents\workspace-spring-tool-suite-4-4.21.0.RELEASE\dockerauto"/>
    <property name="java.vm.compressedOopsMode" value="32-bit"/>
    <property name="line.separator" value="&#10;"/>
    <property name="java.vm.specification.vendor" value="Oracle Corporation"/>
    <property name="java.specification.name" value="Java Platform API Specification"/>
    <property name="FILE_LOG_CHARSET" value="windows-1252"/>
    <property name="java.awt.headless" value="true"/>
    <property name="surefire.real.class.path" value="C:\Users\hp\AppData\Local\Temp\surefire6345002738557333238\surefirebooter-20240315150934767_3.jar"/>
    <property name="user.script" value=""/>
    <property name="sun.management.compiler" value="HotSpot 64-Bit Tiered Compilers"/>
    <property name="java.runtime.version" value="17.0.9+9"/>
    <property name="user.name" value="guru"/>
    <property name="path.separator" value=";"/>
    <property name="os.version" value="10.0"/>
    <property name="java.runtime.name" value="OpenJDK Runtime Environment"/>
    <property name="file.encoding" value="Cp1252"/>
    <property name="java.vm.name" value="OpenJDK 64-Bit Server VM"/>
    <property name="java.vendor.version" value="Temurin-17.0.9+9"/>
    <property name="localRepository" value="C:\Users\hp\.m2\repository"/>
    <property name="java.vendor.url.bug" value="https://github.com/adoptium/adoptium-support/issues"/>
    <property name="java.io.tmpdir" value="C:\Users\hp\AppData\Local\Temp\"/>
    <property name="java.version" value="17.0.9"/>
    <property name="user.dir" value="C:\Users\hp\Documents\workspace-spring-tool-suite-4-4.21.0.RELEASE\dockerauto"/>
    <property name="os.arch" value="amd64"/>
    <property name="java.vm.specification.name" value="Java Virtual Machine Specification"/>
    <property name="PID" value="18324"/>
    <property name="sun.os.patch.level" value=""/>
    <property name="CONSOLE_LOG_CHARSET" value="windows-1252"/>
    <property name="native.encoding" value="Cp1252"/>
    <property name="java.library.path" value="C:\Users\hp\Downloads\spring-tool-suite-4-4.21.0.RELEASE-e4.30.0-win32.win32.x86_64.self-extracting (1)\contents\sts-4.21.0.RELEASE\plugins\org.eclipse.justj.openjdk.hotspot.jre.full.win32.x86_64_17.0.9.v20231028-0858\jre\bin;C:\WINDOWS\Sun\Java\bin;C:\WINDOWS\system32;C:\WINDOWS;C:/Users/hp/Downloads/spring-tool-suite-4-4.21.0.RELEASE-e4.30.0-win32.win32.x86_64.self-extracting (1)/contents/sts-4.21.0.RELEASE//plugins/org.eclipse.justj.openjdk.hotspot.jre.full.win32.x86_64_17.0.9.v20231028-0858/jre/bin/server;C:/Users/hp/Downloads/spring-tool-suite-4-4.21.0.RELEASE-e4.30.0-win32.win32.x86_64.self-extracting (1)/contents/sts-4.21.0.RELEASE//plugins/org.eclipse.justj.openjdk.hotspot.jre.full.win32.x86_64_17.0.9.v20231028-0858/jre/bin;C:\Program Files\Common Files\Oracle\Java\javapath;C:\app\guru\product\21c\dbhomeXE\bin;D:\oracle\product\10.2.0\db_2\bin;C:\WINDOWS\system32;C:\WINDOWS;C:\WINDOWS\System32\Wbem;C:\WINDOWS\System32\WindowsPowerShell\v1.0\;C:\WINDOWS\System32\OpenSSH\;C:\Program Files\dotnet\;C:\Program Files\Git\cmd;C:\Program Files\Docker\Docker\resources\bin;C:\Program Files\Java\jdk-17\bin;C:\Program Files\PuTTY\;C:\Program Files\MySQL\MySQL Shell 8.0\bin\;C:\Users\hp\AppData\Local\Microsoft\WindowsApps;C:\Program Files\Java\jdk1.8.0_301\bin;C:\Users\hp\Downloads\spring-tool-suite-4-4.21.0.RELEASE-e4.30.0-win32.win32.x86_64.self-extracting (1)\contents\sts-4.21.0.RELEASE;;."/>
    <property name="java.vm.info" value="mixed mode"/>
    <property name="java.vendor" value="Eclipse Adoptium"/>
    <property name="java.vm.version" value="17.0.9+9"/>
    <property name="sun.io.unicode.encoding" value="UnicodeLittle"/>
    <property name="java.class.version" value="61.0"/>
  </properties>
  <testcase name="contextLoads" classname="com.dockerauto.DockerautoApplicationTests" time="2.936">
    <system-out><![CDATA[15:09:37.316 [main] INFO org.springframework.test.context.support.AnnotationConfigContextLoaderUtils -- Could not detect default configuration classes for test class [com.dockerauto.DockerautoApplicationTests]: DockerautoApplicationTests does not declare any static, non-private, non-final, nested classes annotated with @Configuration.
15:09:37.591 [main] INFO org.springframework.boot.test.context.SpringBootTestContextBootstrapper -- Found @SpringBootConfiguration com.dockerauto.DockerautoApplication for test class com.dockerauto.DockerautoApplicationTests
15:09:38.054 [main] INFO org.springframework.boot.devtools.restart.RestartApplicationListener -- Restart disabled due to context in which it is running

  .   ____          _            __ _ _
 /\\ / ___'_ __ _ _(_)_ __  __ _ \ \ \ \
( ( )\___ | '_ | '_| | '_ \/ _` | \ \ \ \
 \\/  ___)| |_)| | | | | || (_| |  ) ) ) )
  '  |____| .__|_| |_|_| |_\__, | / / / /
 =========|_|==============|___/=/_/_/_/
 :: Spring Boot ::      (v3.1.10-SNAPSHOT)

2024-03-15T15:09:38.764+05:30  INFO 18324 --- [           main] c.dockerauto.DockerautoApplicationTests  : Starting DockerautoApplicationTests using Java 17.0.9 with PID 18324 (started by guru in C:\Users\hp\Documents\workspace-spring-tool-suite-4-4.21.0.RELEASE\dockerauto)
2024-03-15T15:09:38.767+05:30  INFO 18324 --- [           main] c.dockerauto.DockerautoApplicationTests  : No active profile set, falling back to 1 default profile: "default"
2024-03-15T15:09:41.460+05:30  INFO 18324 --- [           main] c.dockerauto.DockerautoApplicationTests  : Started DockerautoApplicationTests in 3.438 seconds (process running for 6.413)
]]></system-out>
  </testcase>
</testsuite>